Analysis & Synthesis report for manchester_decoder
Wed Oct 06 12:03:12 2021
Quartus Prime Version 19.1.0 Build 670 09/22/2019 SJ Lite Edition


---------------------
; Table of Contents ;
---------------------
  1. Legal Notice
  2. Analysis & Synthesis Summary
  3. Analysis & Synthesis Settings
  4. Parallel Compilation
  5. Analysis & Synthesis Source Files Read
  6. Analysis & Synthesis Resource Usage Summary
  7. Analysis & Synthesis Resource Utilization by Entity
  8. State Machine - |manchester_decoder|stop_internal_state
  9. State Machine - |manchester_decoder|sync_internal_state
 10. State Machine - |manchester_decoder|current_state
 11. General Register Statistics
 12. Inverted Register Statistics
 13. Multiplexer Restructuring Statistics (Restructuring Performed)
 14. Post-Synthesis Netlist Statistics for Top Partition
 15. Elapsed Time Per Partition
 16. Analysis & Synthesis Messages



----------------
; Legal Notice ;
----------------
Copyright (C) 2019  Intel Corporation. All rights reserved.
Your use of Intel Corporation's design tools, logic functions 
and other software and tools, and any partner logic 
functions, and any output files from any of the foregoing 
(including device programming or simulation files), and any 
associated documentation or information are expressly subject 
to the terms and conditions of the Intel Program License 
Subscription Agreement, the Intel Quartus Prime License Agreement,
the Intel FPGA IP License Agreement, or other applicable license
agreement, including, without limitation, that your use is for
the sole purpose of programming logic devices manufactured by
Intel and sold by Intel or its authorized distributors.  Please
refer to the applicable agreement for further details, at
https://fpgasoftware.intel.com/eula.



+----------------------------------------------------------------------------------+
; Analysis & Synthesis Summary                                                     ;
+------------------------------------+---------------------------------------------+
; Analysis & Synthesis Status        ; Successful - Wed Oct 06 12:03:12 2021       ;
; Quartus Prime Version              ; 19.1.0 Build 670 09/22/2019 SJ Lite Edition ;
; Revision Name                      ; manchester_decoder                          ;
; Top-level Entity Name              ; manchester_decoder                          ;
; Family                             ; Cyclone IV E                                ;
; Total logic elements               ; 289                                         ;
;     Total combinational functions  ; 289                                         ;
;     Dedicated logic registers      ; 152                                         ;
; Total registers                    ; 152                                         ;
; Total pins                         ; 101                                         ;
; Total virtual pins                 ; 0                                           ;
; Total memory bits                  ; 0                                           ;
; Embedded Multiplier 9-bit elements ; 0                                           ;
; Total PLLs                         ; 0                                           ;
+------------------------------------+---------------------------------------------+


+------------------------------------------------------------------------------------------------------------+
; Analysis & Synthesis Settings                                                                              ;
+------------------------------------------------------------------+--------------------+--------------------+
; Option                                                           ; Setting            ; Default Value      ;
+------------------------------------------------------------------+--------------------+--------------------+
; Top-level entity name                                            ; manchester_decoder ; manchester_decoder ;
; Family name                                                      ; Cyclone IV E       ; Cyclone V          ;
; Use smart compilation                                            ; Off                ; Off                ;
; Enable parallel Assembler and Timing Analyzer during compilation ; On                 ; On                 ;
; Enable compact report table                                      ; Off                ; Off                ;
; Restructure Multiplexers                                         ; Auto               ; Auto               ;
; Create Debugging Nodes for IP Cores                              ; Off                ; Off                ;
; Preserve fewer node names                                        ; On                 ; On                 ;
; Intel FPGA IP Evaluation Mode                                    ; Enable             ; Enable             ;
; Verilog Version                                                  ; Verilog_2001       ; Verilog_2001       ;
; VHDL Version                                                     ; VHDL_1993          ; VHDL_1993          ;
; State Machine Processing                                         ; Auto               ; Auto               ;
; Safe State Machine                                               ; Off                ; Off                ;
; Extract Verilog State Machines                                   ; On                 ; On                 ;
; Extract VHDL State Machines                                      ; On                 ; On                 ;
; Ignore Verilog initial constructs                                ; Off                ; Off                ;
; Iteration limit for constant Verilog loops                       ; 5000               ; 5000               ;
; Iteration limit for non-constant Verilog loops                   ; 250                ; 250                ;
; Add Pass-Through Logic to Inferred RAMs                          ; On                 ; On                 ;
; Infer RAMs from Raw Logic                                        ; On                 ; On                 ;
; Parallel Synthesis                                               ; On                 ; On                 ;
; DSP Block Balancing                                              ; Auto               ; Auto               ;
; NOT Gate Push-Back                                               ; On                 ; On                 ;
; Power-Up Don't Care                                              ; On                 ; On                 ;
; Remove Redundant Logic Cells                                     ; Off                ; Off                ;
; Remove Duplicate Registers                                       ; On                 ; On                 ;
; Ignore CARRY Buffers                                             ; Off                ; Off                ;
; Ignore CASCADE Buffers                                           ; Off                ; Off                ;
; Ignore GLOBAL Buffers                                            ; Off                ; Off                ;
; Ignore ROW GLOBAL Buffers                                        ; Off                ; Off                ;
; Ignore LCELL Buffers                                             ; Off                ; Off                ;
; Ignore SOFT Buffers                                              ; On                 ; On                 ;
; Limit AHDL Integers to 32 Bits                                   ; Off                ; Off                ;
; Optimization Technique                                           ; Balanced           ; Balanced           ;
; Carry Chain Length                                               ; 70                 ; 70                 ;
; Auto Carry Chains                                                ; On                 ; On                 ;
; Auto Open-Drain Pins                                             ; On                 ; On                 ;
; Perform WYSIWYG Primitive Resynthesis                            ; Off                ; Off                ;
; Auto ROM Replacement                                             ; On                 ; On                 ;
; Auto RAM Replacement                                             ; On                 ; On                 ;
; Auto DSP Block Replacement                                       ; On                 ; On                 ;
; Auto Shift Register Replacement                                  ; Auto               ; Auto               ;
; Allow Shift Register Merging across Hierarchies                  ; Auto               ; Auto               ;
; Auto Clock Enable Replacement                                    ; On                 ; On                 ;
; Strict RAM Replacement                                           ; Off                ; Off                ;
; Allow Synchronous Control Signals                                ; On                 ; On                 ;
; Force Use of Synchronous Clear Signals                           ; Off                ; Off                ;
; Auto RAM Block Balancing                                         ; On                 ; On                 ;
; Auto RAM to Logic Cell Conversion                                ; Off                ; Off                ;
; Auto Resource Sharing                                            ; Off                ; Off                ;
; Allow Any RAM Size For Recognition                               ; Off                ; Off                ;
; Allow Any ROM Size For Recognition                               ; Off                ; Off                ;
; Allow Any Shift Register Size For Recognition                    ; Off                ; Off                ;
; Use LogicLock Constraints during Resource Balancing              ; On                 ; On                 ;
; Ignore translate_off and synthesis_off directives                ; Off                ; Off                ;
; Timing-Driven Synthesis                                          ; On                 ; On                 ;
; Report Parameter Settings                                        ; On                 ; On                 ;
; Report Source Assignments                                        ; On                 ; On                 ;
; Report Connectivity Checks                                       ; On                 ; On                 ;
; Ignore Maximum Fan-Out Assignments                               ; Off                ; Off                ;
; Synchronization Register Chain Length                            ; 2                  ; 2                  ;
; Power Optimization During Synthesis                              ; Normal compilation ; Normal compilation ;
; HDL message level                                                ; Level2             ; Level2             ;
; Suppress Register Optimization Related Messages                  ; Off                ; Off                ;
; Number of Removed Registers Reported in Synthesis Report         ; 5000               ; 5000               ;
; Number of Swept Nodes Reported in Synthesis Report               ; 5000               ; 5000               ;
; Number of Inverted Registers Reported in Synthesis Report        ; 100                ; 100                ;
; Clock MUX Protection                                             ; On                 ; On                 ;
; Auto Gated Clock Conversion                                      ; Off                ; Off                ;
; Block Design Naming                                              ; Auto               ; Auto               ;
; SDC constraint protection                                        ; Off                ; Off                ;
; Synthesis Effort                                                 ; Auto               ; Auto               ;
; Shift Register Replacement - Allow Asynchronous Clear Signal     ; On                 ; On                 ;
; Pre-Mapping Resynthesis Optimization                             ; Off                ; Off                ;
; Analysis & Synthesis Message Level                               ; Medium             ; Medium             ;
; Disable Register Merging Across Hierarchies                      ; Auto               ; Auto               ;
; Resource Aware Inference For Block RAM                           ; On                 ; On                 ;
+------------------------------------------------------------------+--------------------+--------------------+


+------------------------------------------+
; Parallel Compilation                     ;
+----------------------------+-------------+
; Processors                 ; Number      ;
+----------------------------+-------------+
; Number detected on machine ; 8           ;
; Maximum allowed            ; 8           ;
;                            ;             ;
; Average used               ; 1.00        ;
; Maximum used               ; 8           ;
;                            ;             ;
; Usage by Processor         ; % Time Used ;
;     Processor 1            ; 100.0%      ;
;     Processor 2            ;   0.0%      ;
;     Processors 3-8         ;   0.0%      ;
+----------------------------+-------------+


+------------------------------------------------------------------------------------------------------------------------------------------------------------------------------+
; Analysis & Synthesis Source Files Read                                                                                                                                       ;
+----------------------------------+-----------------+-----------------+---------------------------------------------------------------------------------------------+---------+
; File Name with User-Entered Path ; Used in Netlist ; File Type       ; File Name with Absolute Path                                                                ; Library ;
+----------------------------------+-----------------+-----------------+---------------------------------------------------------------------------------------------+---------+
; Sources/manchester_decoder.vhd   ; yes             ; User VHDL File  ; C:/Users/Utilisateur/Desktop/MASTER/Stage/Manchester Decoder/Sources/manchester_decoder.vhd ;         ;
+----------------------------------+-----------------+-----------------+---------------------------------------------------------------------------------------------+---------+


+------------------------------------------------------------+
; Analysis & Synthesis Resource Usage Summary                ;
+---------------------------------------------+--------------+
; Resource                                    ; Usage        ;
+---------------------------------------------+--------------+
; Estimated Total logic elements              ; 289          ;
;                                             ;              ;
; Total combinational functions               ; 289          ;
; Logic element usage by number of LUT inputs ;              ;
;     -- 4 input functions                    ; 186          ;
;     -- 3 input functions                    ; 35           ;
;     -- <=2 input functions                  ; 68           ;
;                                             ;              ;
; Logic elements by mode                      ;              ;
;     -- normal mode                          ; 258          ;
;     -- arithmetic mode                      ; 31           ;
;                                             ;              ;
; Total registers                             ; 152          ;
;     -- Dedicated logic registers            ; 152          ;
;     -- I/O registers                        ; 0            ;
;                                             ;              ;
; I/O pins                                    ; 101          ;
;                                             ;              ;
; Embedded Multiplier 9-bit elements          ; 0            ;
;                                             ;              ;
; Maximum fan-out node                        ; clk_16~input ;
; Maximum fan-out                             ; 152          ;
; Total fan-out                               ; 1626         ;
; Average fan-out                             ; 2.22         ;
+---------------------------------------------+--------------+


+-----------------------------------------------------------------------------------------------------------------------------------------------------------------------------------------------------------------+
; Analysis & Synthesis Resource Utilization by Entity                                                                                                                                                             ;
+----------------------------+---------------------+---------------------------+-------------+--------------+---------+-----------+------+--------------+---------------------+--------------------+--------------+
; Compilation Hierarchy Node ; Combinational ALUTs ; Dedicated Logic Registers ; Memory Bits ; DSP Elements ; DSP 9x9 ; DSP 18x18 ; Pins ; Virtual Pins ; Full Hierarchy Name ; Entity Name        ; Library Name ;
+----------------------------+---------------------+---------------------------+-------------+--------------+---------+-----------+------+--------------+---------------------+--------------------+--------------+
; |manchester_decoder        ; 289 (289)           ; 152 (152)                 ; 0           ; 0            ; 0       ; 0         ; 101  ; 0            ; |manchester_decoder ; manchester_decoder ; work         ;
+----------------------------+---------------------+---------------------------+-------------+--------------+---------+-----------+------+--------------+---------------------+--------------------+--------------+
Note: For table entries with two numbers listed, the numbers in parentheses indicate the number of resources of the given type used by the specific entity alone. The numbers listed outside of parentheses indicate the total resources of the given type used by the specific entity and all of its sub-entities in the hierarchy.


Encoding Type:  One-Hot
+-----------------------------------------------------------------------------------------------------------------------------------------------------+
; State Machine - |manchester_decoder|stop_internal_state                                                                                             ;
+------------------------+------------------------+------------------------+------------------------+------------------------+------------------------+
; Name                   ; stop_internal_state.S4 ; stop_internal_state.S3 ; stop_internal_state.S2 ; stop_internal_state.S1 ; stop_internal_state.S0 ;
+------------------------+------------------------+------------------------+------------------------+------------------------+------------------------+
; stop_internal_state.S0 ; 0                      ; 0                      ; 0                      ; 0                      ; 0                      ;
; stop_internal_state.S1 ; 0                      ; 0                      ; 0                      ; 1                      ; 1                      ;
; stop_internal_state.S2 ; 0                      ; 0                      ; 1                      ; 0                      ; 1                      ;
; stop_internal_state.S3 ; 0                      ; 1                      ; 0                      ; 0                      ; 1                      ;
; stop_internal_state.S4 ; 1                      ; 0                      ; 0                      ; 0                      ; 1                      ;
+------------------------+------------------------+------------------------+------------------------+------------------------+------------------------+


Encoding Type:  One-Hot
+-----------------------------------------------------------------------------------------------------------------------------------------------------+
; State Machine - |manchester_decoder|sync_internal_state                                                                                             ;
+------------------------+------------------------+------------------------+------------------------+------------------------+------------------------+
; Name                   ; sync_internal_state.S4 ; sync_internal_state.S3 ; sync_internal_state.S2 ; sync_internal_state.S1 ; sync_internal_state.S0 ;
+------------------------+------------------------+------------------------+------------------------+------------------------+------------------------+
; sync_internal_state.S0 ; 0                      ; 0                      ; 0                      ; 0                      ; 0                      ;
; sync_internal_state.S1 ; 0                      ; 0                      ; 0                      ; 1                      ; 1                      ;
; sync_internal_state.S2 ; 0                      ; 0                      ; 1                      ; 0                      ; 1                      ;
; sync_internal_state.S3 ; 0                      ; 1                      ; 0                      ; 0                      ; 1                      ;
; sync_internal_state.S4 ; 1                      ; 0                      ; 0                      ; 0                      ; 1                      ;
+------------------------+------------------------+------------------------+------------------------+------------------------+------------------------+


Encoding Type:  One-Hot
+-------------------------------------------------------------------------------------------------------------------------+
; State Machine - |manchester_decoder|current_state                                                                       ;
+-------------------------+----------------------+-------------------------+-----------------------+----------------------+
; Name                    ; current_state.S_STOP ; current_state.S_MESSAGE ; current_state.S_START ; current_state.S_IDLE ;
+-------------------------+----------------------+-------------------------+-----------------------+----------------------+
; current_state.S_IDLE    ; 0                    ; 0                       ; 0                     ; 0                    ;
; current_state.S_START   ; 0                    ; 0                       ; 1                     ; 1                    ;
; current_state.S_MESSAGE ; 0                    ; 1                       ; 0                     ; 1                    ;
; current_state.S_STOP    ; 1                    ; 0                       ; 0                     ; 1                    ;
+-------------------------+----------------------+-------------------------+-----------------------+----------------------+


+------------------------------------------------------+
; General Register Statistics                          ;
+----------------------------------------------+-------+
; Statistic                                    ; Value ;
+----------------------------------------------+-------+
; Total registers                              ; 152   ;
; Number of registers using Synchronous Clear  ; 13    ;
; Number of registers using Synchronous Load   ; 0     ;
; Number of registers using Asynchronous Clear ; 0     ;
; Number of registers using Asynchronous Load  ; 0     ;
; Number of registers using Clock Enable       ; 38    ;
; Number of registers using Preset             ; 0     ;
+----------------------------------------------+-------+


+--------------------------------------------------+
; Inverted Register Statistics                     ;
+----------------------------------------+---------+
; Inverted Register                      ; Fan out ;
+----------------------------------------+---------+
; bit_index[0]                           ; 5       ;
; bit_index[31]                          ; 4       ;
; Total number of inverted registers = 2 ;         ;
+----------------------------------------+---------+


+---------------------------------------------------------------------------------------------------------------------------------------------------------+
; Multiplexer Restructuring Statistics (Restructuring Performed)                                                                                          ;
+--------------------+-----------+---------------+----------------------+------------------------+------------+-------------------------------------------+
; Multiplexer Inputs ; Bus Width ; Baseline Area ; Area if Restructured ; Saving if Restructured ; Registered ; Example Multiplexer Output                ;
+--------------------+-----------+---------------+----------------------+------------------------+------------+-------------------------------------------+
; 3:1                ; 4 bits    ; 8 LEs         ; 8 LEs                ; 0 LEs                  ; Yes        ; |manchester_decoder|decod_comm[0]~reg0    ;
; 3:1                ; 20 bits   ; 40 LEs        ; 40 LEs               ; 0 LEs                  ; Yes        ; |manchester_decoder|decod_address[9]~reg0 ;
; 3:1                ; 8 bits    ; 16 LEs        ; 16 LEs               ; 0 LEs                  ; Yes        ; |manchester_decoder|decod_length[3]~reg0  ;
; 3:1                ; 8 bits    ; 16 LEs        ; 16 LEs               ; 0 LEs                  ; Yes        ; |manchester_decoder|decod_data0[5]~reg0   ;
; 3:1                ; 8 bits    ; 16 LEs        ; 16 LEs               ; 0 LEs                  ; Yes        ; |manchester_decoder|decod_data1[4]~reg0   ;
; 3:1                ; 8 bits    ; 16 LEs        ; 16 LEs               ; 0 LEs                  ; Yes        ; |manchester_decoder|decod_data2[0]~reg0   ;
; 3:1                ; 8 bits    ; 16 LEs        ; 16 LEs               ; 0 LEs                  ; Yes        ; |manchester_decoder|decod_data3[6]~reg0   ;
; 3:1                ; 8 bits    ; 16 LEs        ; 16 LEs               ; 0 LEs                  ; Yes        ; |manchester_decoder|decod_data4[0]~reg0   ;
; 3:1                ; 8 bits    ; 16 LEs        ; 16 LEs               ; 0 LEs                  ; Yes        ; |manchester_decoder|decod_data5[1]~reg0   ;
; 3:1                ; 8 bits    ; 16 LEs        ; 16 LEs               ; 0 LEs                  ; Yes        ; |manchester_decoder|decod_data6[4]~reg0   ;
; 4:1                ; 30 bits   ; 60 LEs        ; 30 LEs               ; 30 LEs                 ; Yes        ; |manchester_decoder|bit_index[18]         ;
; 4:1                ; 2 bits    ; 4 LEs         ; 2 LEs                ; 2 LEs                  ; Yes        ; |manchester_decoder|bit_index[0]          ;
; 4:1                ; 5 bits    ; 10 LEs        ; 10 LEs               ; 0 LEs                  ; No         ; |manchester_decoder|stop_internal_state   ;
; 5:1                ; 5 bits    ; 15 LEs        ; 10 LEs               ; 5 LEs                  ; No         ; |manchester_decoder|sync_internal_state   ;
; 9:1                ; 4 bits    ; 24 LEs        ; 16 LEs               ; 8 LEs                  ; No         ; |manchester_decoder|current_state         ;
+--------------------+-----------+---------------+----------------------+------------------------+------------+-------------------------------------------+


+-----------------------------------------------------+
; Post-Synthesis Netlist Statistics for Top Partition ;
+-----------------------+-----------------------------+
; Type                  ; Count                       ;
+-----------------------+-----------------------------+
; boundary_port         ; 101                         ;
; cycloneiii_ff         ; 152                         ;
;     ENA               ; 28                          ;
;     ENA SCLR          ; 10                          ;
;     SCLR              ; 3                           ;
;     plain             ; 111                         ;
; cycloneiii_io_obuf    ; 88                          ;
; cycloneiii_lcell_comb ; 289                         ;
;     arith             ; 31                          ;
;         2 data inputs ; 31                          ;
;     normal            ; 258                         ;
;         1 data inputs ; 1                           ;
;         2 data inputs ; 36                          ;
;         3 data inputs ; 35                          ;
;         4 data inputs ; 186                         ;
;                       ;                             ;
; Max LUT depth         ; 10.00                       ;
; Average LUT depth     ; 4.57                        ;
+-----------------------+-----------------------------+


+-------------------------------+
; Elapsed Time Per Partition    ;
+----------------+--------------+
; Partition Name ; Elapsed Time ;
+----------------+--------------+
; Top            ; 00:00:01     ;
+----------------+--------------+


+-------------------------------+
; Analysis & Synthesis Messages ;
+-------------------------------+
Info: *******************************************************************
Info: Running Quartus Prime Analysis & Synthesis
    Info: Version 19.1.0 Build 670 09/22/2019 SJ Lite Edition
    Info: Processing started: Wed Oct 06 12:02:57 2021
Info: Command: quartus_map --read_settings_files=on --write_settings_files=off manchester_decoder -c manchester_decoder
Warning (18236): Number of processors has not been specified which may cause overloading on shared machines.  Set the global assignment NUM_PARALLEL_PROCESSORS in your QSF to an appropriate value for best performance.
Info (20030): Parallel compilation is enabled and will use 8 of the 8 processors detected
Info (12021): Found 2 design units, including 0 entities, in source file sources/packages/string_utils_pkg.vhd
    Info (12022): Found design unit 1: string_utils_pkg File: C:/Users/Utilisateur/Desktop/MASTER/Stage/Manchester Decoder/Sources/Packages/string_utils_pkg.vhd Line: 35
    Info (12022): Found design unit 2: string_utils_pkg-body File: C:/Users/Utilisateur/Desktop/MASTER/Stage/Manchester Decoder/Sources/Packages/string_utils_pkg.vhd Line: 60
Info (12021): Found 2 design units, including 1 entities, in source file sources/manchester_decoder_tb.vhd
    Info (12022): Found design unit 1: manchester_decoder_tb-manchester_decoder_tb_behav File: C:/Users/Utilisateur/Desktop/MASTER/Stage/Manchester Decoder/Sources/manchester_decoder_tb.vhd Line: 34
    Info (12023): Found entity 1: manchester_decoder_tb File: C:/Users/Utilisateur/Desktop/MASTER/Stage/Manchester Decoder/Sources/manchester_decoder_tb.vhd Line: 28
Info (12021): Found 2 design units, including 1 entities, in source file sources/manchester_decoder.vhd
    Info (12022): Found design unit 1: manchester_decoder-manchester_decoder_behavioral File: C:/Users/Utilisateur/Desktop/MASTER/Stage/Manchester Decoder/Sources/manchester_decoder.vhd Line: 69
    Info (12023): Found entity 1: manchester_decoder File: C:/Users/Utilisateur/Desktop/MASTER/Stage/Manchester Decoder/Sources/manchester_decoder.vhd Line: 23
Info (12127): Elaborating entity "manchester_decoder" for the top level hierarchy
Warning (13034): The following nodes have both tri-state and non-tri-state drivers
    Warning (13035): Inserted always-enabled tri-state buffer between "decod_comm[0]" and its non-tri-state driver. File: C:/Users/Utilisateur/Desktop/MASTER/Stage/Manchester Decoder/Sources/manchester_decoder.vhd Line: 268
    Warning (13035): Inserted always-enabled tri-state buffer between "decod_comm[1]" and its non-tri-state driver. File: C:/Users/Utilisateur/Desktop/MASTER/Stage/Manchester Decoder/Sources/manchester_decoder.vhd Line: 268
    Warning (13035): Inserted always-enabled tri-state buffer between "decod_comm[2]" and its non-tri-state driver. File: C:/Users/Utilisateur/Desktop/MASTER/Stage/Manchester Decoder/Sources/manchester_decoder.vhd Line: 268
    Warning (13035): Inserted always-enabled tri-state buffer between "decod_comm[3]" and its non-tri-state driver. File: C:/Users/Utilisateur/Desktop/MASTER/Stage/Manchester Decoder/Sources/manchester_decoder.vhd Line: 268
    Warning (13035): Inserted always-enabled tri-state buffer between "decod_address[0]" and its non-tri-state driver. File: C:/Users/Utilisateur/Desktop/MASTER/Stage/Manchester Decoder/Sources/manchester_decoder.vhd Line: 268
    Warning (13035): Inserted always-enabled tri-state buffer between "decod_address[1]" and its non-tri-state driver. File: C:/Users/Utilisateur/Desktop/MASTER/Stage/Manchester Decoder/Sources/manchester_decoder.vhd Line: 268
    Warning (13035): Inserted always-enabled tri-state buffer between "decod_address[2]" and its non-tri-state driver. File: C:/Users/Utilisateur/Desktop/MASTER/Stage/Manchester Decoder/Sources/manchester_decoder.vhd Line: 268
    Warning (13035): Inserted always-enabled tri-state buffer between "decod_address[3]" and its non-tri-state driver. File: C:/Users/Utilisateur/Desktop/MASTER/Stage/Manchester Decoder/Sources/manchester_decoder.vhd Line: 268
    Warning (13035): Inserted always-enabled tri-state buffer between "decod_address[4]" and its non-tri-state driver. File: C:/Users/Utilisateur/Desktop/MASTER/Stage/Manchester Decoder/Sources/manchester_decoder.vhd Line: 268
    Warning (13035): Inserted always-enabled tri-state buffer between "decod_address[5]" and its non-tri-state driver. File: C:/Users/Utilisateur/Desktop/MASTER/Stage/Manchester Decoder/Sources/manchester_decoder.vhd Line: 268
    Warning (13035): Inserted always-enabled tri-state buffer between "decod_address[6]" and its non-tri-state driver. File: C:/Users/Utilisateur/Desktop/MASTER/Stage/Manchester Decoder/Sources/manchester_decoder.vhd Line: 268
    Warning (13035): Inserted always-enabled tri-state buffer between "decod_address[7]" and its non-tri-state driver. File: C:/Users/Utilisateur/Desktop/MASTER/Stage/Manchester Decoder/Sources/manchester_decoder.vhd Line: 268
    Warning (13035): Inserted always-enabled tri-state buffer between "decod_address[8]" and its non-tri-state driver. File: C:/Users/Utilisateur/Desktop/MASTER/Stage/Manchester Decoder/Sources/manchester_decoder.vhd Line: 268
    Warning (13035): Inserted always-enabled tri-state buffer between "decod_address[9]" and its non-tri-state driver. File: C:/Users/Utilisateur/Desktop/MASTER/Stage/Manchester Decoder/Sources/manchester_decoder.vhd Line: 268
    Warning (13035): Inserted always-enabled tri-state buffer between "decod_address[10]" and its non-tri-state driver. File: C:/Users/Utilisateur/Desktop/MASTER/Stage/Manchester Decoder/Sources/manchester_decoder.vhd Line: 268
    Warning (13035): Inserted always-enabled tri-state buffer between "decod_address[11]" and its non-tri-state driver. File: C:/Users/Utilisateur/Desktop/MASTER/Stage/Manchester Decoder/Sources/manchester_decoder.vhd Line: 268
    Warning (13035): Inserted always-enabled tri-state buffer between "decod_address[12]" and its non-tri-state driver. File: C:/Users/Utilisateur/Desktop/MASTER/Stage/Manchester Decoder/Sources/manchester_decoder.vhd Line: 268
    Warning (13035): Inserted always-enabled tri-state buffer between "decod_address[13]" and its non-tri-state driver. File: C:/Users/Utilisateur/Desktop/MASTER/Stage/Manchester Decoder/Sources/manchester_decoder.vhd Line: 268
    Warning (13035): Inserted always-enabled tri-state buffer between "decod_address[14]" and its non-tri-state driver. File: C:/Users/Utilisateur/Desktop/MASTER/Stage/Manchester Decoder/Sources/manchester_decoder.vhd Line: 268
    Warning (13035): Inserted always-enabled tri-state buffer between "decod_address[15]" and its non-tri-state driver. File: C:/Users/Utilisateur/Desktop/MASTER/Stage/Manchester Decoder/Sources/manchester_decoder.vhd Line: 268
    Warning (13035): Inserted always-enabled tri-state buffer between "decod_address[16]" and its non-tri-state driver. File: C:/Users/Utilisateur/Desktop/MASTER/Stage/Manchester Decoder/Sources/manchester_decoder.vhd Line: 268
    Warning (13035): Inserted always-enabled tri-state buffer between "decod_address[17]" and its non-tri-state driver. File: C:/Users/Utilisateur/Desktop/MASTER/Stage/Manchester Decoder/Sources/manchester_decoder.vhd Line: 268
    Warning (13035): Inserted always-enabled tri-state buffer between "decod_address[18]" and its non-tri-state driver. File: C:/Users/Utilisateur/Desktop/MASTER/Stage/Manchester Decoder/Sources/manchester_decoder.vhd Line: 268
    Warning (13035): Inserted always-enabled tri-state buffer between "decod_address[19]" and its non-tri-state driver. File: C:/Users/Utilisateur/Desktop/MASTER/Stage/Manchester Decoder/Sources/manchester_decoder.vhd Line: 268
    Warning (13035): Inserted always-enabled tri-state buffer between "decod_length[0]" and its non-tri-state driver. File: C:/Users/Utilisateur/Desktop/MASTER/Stage/Manchester Decoder/Sources/manchester_decoder.vhd Line: 268
    Warning (13035): Inserted always-enabled tri-state buffer between "decod_length[1]" and its non-tri-state driver. File: C:/Users/Utilisateur/Desktop/MASTER/Stage/Manchester Decoder/Sources/manchester_decoder.vhd Line: 268
    Warning (13035): Inserted always-enabled tri-state buffer between "decod_length[2]" and its non-tri-state driver. File: C:/Users/Utilisateur/Desktop/MASTER/Stage/Manchester Decoder/Sources/manchester_decoder.vhd Line: 268
    Warning (13035): Inserted always-enabled tri-state buffer between "decod_length[3]" and its non-tri-state driver. File: C:/Users/Utilisateur/Desktop/MASTER/Stage/Manchester Decoder/Sources/manchester_decoder.vhd Line: 268
    Warning (13035): Inserted always-enabled tri-state buffer between "decod_length[4]" and its non-tri-state driver. File: C:/Users/Utilisateur/Desktop/MASTER/Stage/Manchester Decoder/Sources/manchester_decoder.vhd Line: 268
    Warning (13035): Inserted always-enabled tri-state buffer between "decod_length[5]" and its non-tri-state driver. File: C:/Users/Utilisateur/Desktop/MASTER/Stage/Manchester Decoder/Sources/manchester_decoder.vhd Line: 268
    Warning (13035): Inserted always-enabled tri-state buffer between "decod_length[6]" and its non-tri-state driver. File: C:/Users/Utilisateur/Desktop/MASTER/Stage/Manchester Decoder/Sources/manchester_decoder.vhd Line: 268
    Warning (13035): Inserted always-enabled tri-state buffer between "decod_length[7]" and its non-tri-state driver. File: C:/Users/Utilisateur/Desktop/MASTER/Stage/Manchester Decoder/Sources/manchester_decoder.vhd Line: 268
    Warning (13035): Inserted always-enabled tri-state buffer between "decod_data0[0]" and its non-tri-state driver. File: C:/Users/Utilisateur/Desktop/MASTER/Stage/Manchester Decoder/Sources/manchester_decoder.vhd Line: 268
    Warning (13035): Inserted always-enabled tri-state buffer between "decod_data0[1]" and its non-tri-state driver. File: C:/Users/Utilisateur/Desktop/MASTER/Stage/Manchester Decoder/Sources/manchester_decoder.vhd Line: 268
    Warning (13035): Inserted always-enabled tri-state buffer between "decod_data0[2]" and its non-tri-state driver. File: C:/Users/Utilisateur/Desktop/MASTER/Stage/Manchester Decoder/Sources/manchester_decoder.vhd Line: 268
    Warning (13035): Inserted always-enabled tri-state buffer between "decod_data0[3]" and its non-tri-state driver. File: C:/Users/Utilisateur/Desktop/MASTER/Stage/Manchester Decoder/Sources/manchester_decoder.vhd Line: 268
    Warning (13035): Inserted always-enabled tri-state buffer between "decod_data0[4]" and its non-tri-state driver. File: C:/Users/Utilisateur/Desktop/MASTER/Stage/Manchester Decoder/Sources/manchester_decoder.vhd Line: 268
    Warning (13035): Inserted always-enabled tri-state buffer between "decod_data0[5]" and its non-tri-state driver. File: C:/Users/Utilisateur/Desktop/MASTER/Stage/Manchester Decoder/Sources/manchester_decoder.vhd Line: 268
    Warning (13035): Inserted always-enabled tri-state buffer between "decod_data0[6]" and its non-tri-state driver. File: C:/Users/Utilisateur/Desktop/MASTER/Stage/Manchester Decoder/Sources/manchester_decoder.vhd Line: 268
    Warning (13035): Inserted always-enabled tri-state buffer between "decod_data0[7]" and its non-tri-state driver. File: C:/Users/Utilisateur/Desktop/MASTER/Stage/Manchester Decoder/Sources/manchester_decoder.vhd Line: 268
    Warning (13035): Inserted always-enabled tri-state buffer between "decod_data1[0]" and its non-tri-state driver. File: C:/Users/Utilisateur/Desktop/MASTER/Stage/Manchester Decoder/Sources/manchester_decoder.vhd Line: 268
    Warning (13035): Inserted always-enabled tri-state buffer between "decod_data1[1]" and its non-tri-state driver. File: C:/Users/Utilisateur/Desktop/MASTER/Stage/Manchester Decoder/Sources/manchester_decoder.vhd Line: 268
    Warning (13035): Inserted always-enabled tri-state buffer between "decod_data1[2]" and its non-tri-state driver. File: C:/Users/Utilisateur/Desktop/MASTER/Stage/Manchester Decoder/Sources/manchester_decoder.vhd Line: 268
    Warning (13035): Inserted always-enabled tri-state buffer between "decod_data1[3]" and its non-tri-state driver. File: C:/Users/Utilisateur/Desktop/MASTER/Stage/Manchester Decoder/Sources/manchester_decoder.vhd Line: 268
    Warning (13035): Inserted always-enabled tri-state buffer between "decod_data1[4]" and its non-tri-state driver. File: C:/Users/Utilisateur/Desktop/MASTER/Stage/Manchester Decoder/Sources/manchester_decoder.vhd Line: 268
    Warning (13035): Inserted always-enabled tri-state buffer between "decod_data1[5]" and its non-tri-state driver. File: C:/Users/Utilisateur/Desktop/MASTER/Stage/Manchester Decoder/Sources/manchester_decoder.vhd Line: 268
    Warning (13035): Inserted always-enabled tri-state buffer between "decod_data1[6]" and its non-tri-state driver. File: C:/Users/Utilisateur/Desktop/MASTER/Stage/Manchester Decoder/Sources/manchester_decoder.vhd Line: 268
    Warning (13035): Inserted always-enabled tri-state buffer between "decod_data1[7]" and its non-tri-state driver. File: C:/Users/Utilisateur/Desktop/MASTER/Stage/Manchester Decoder/Sources/manchester_decoder.vhd Line: 268
    Warning (13035): Inserted always-enabled tri-state buffer between "decod_data2[0]" and its non-tri-state driver. File: C:/Users/Utilisateur/Desktop/MASTER/Stage/Manchester Decoder/Sources/manchester_decoder.vhd Line: 268
    Warning (13035): Inserted always-enabled tri-state buffer between "decod_data2[1]" and its non-tri-state driver. File: C:/Users/Utilisateur/Desktop/MASTER/Stage/Manchester Decoder/Sources/manchester_decoder.vhd Line: 268
    Warning (13035): Inserted always-enabled tri-state buffer between "decod_data2[2]" and its non-tri-state driver. File: C:/Users/Utilisateur/Desktop/MASTER/Stage/Manchester Decoder/Sources/manchester_decoder.vhd Line: 268
    Warning (13035): Inserted always-enabled tri-state buffer between "decod_data2[3]" and its non-tri-state driver. File: C:/Users/Utilisateur/Desktop/MASTER/Stage/Manchester Decoder/Sources/manchester_decoder.vhd Line: 268
    Warning (13035): Inserted always-enabled tri-state buffer between "decod_data2[4]" and its non-tri-state driver. File: C:/Users/Utilisateur/Desktop/MASTER/Stage/Manchester Decoder/Sources/manchester_decoder.vhd Line: 268
    Warning (13035): Inserted always-enabled tri-state buffer between "decod_data2[5]" and its non-tri-state driver. File: C:/Users/Utilisateur/Desktop/MASTER/Stage/Manchester Decoder/Sources/manchester_decoder.vhd Line: 268
    Warning (13035): Inserted always-enabled tri-state buffer between "decod_data2[6]" and its non-tri-state driver. File: C:/Users/Utilisateur/Desktop/MASTER/Stage/Manchester Decoder/Sources/manchester_decoder.vhd Line: 268
    Warning (13035): Inserted always-enabled tri-state buffer between "decod_data2[7]" and its non-tri-state driver. File: C:/Users/Utilisateur/Desktop/MASTER/Stage/Manchester Decoder/Sources/manchester_decoder.vhd Line: 268
    Warning (13035): Inserted always-enabled tri-state buffer between "decod_data3[0]" and its non-tri-state driver. File: C:/Users/Utilisateur/Desktop/MASTER/Stage/Manchester Decoder/Sources/manchester_decoder.vhd Line: 268
    Warning (13035): Inserted always-enabled tri-state buffer between "decod_data3[1]" and its non-tri-state driver. File: C:/Users/Utilisateur/Desktop/MASTER/Stage/Manchester Decoder/Sources/manchester_decoder.vhd Line: 268
    Warning (13035): Inserted always-enabled tri-state buffer between "decod_data3[2]" and its non-tri-state driver. File: C:/Users/Utilisateur/Desktop/MASTER/Stage/Manchester Decoder/Sources/manchester_decoder.vhd Line: 268
    Warning (13035): Inserted always-enabled tri-state buffer between "decod_data3[3]" and its non-tri-state driver. File: C:/Users/Utilisateur/Desktop/MASTER/Stage/Manchester Decoder/Sources/manchester_decoder.vhd Line: 268
    Warning (13035): Inserted always-enabled tri-state buffer between "decod_data3[4]" and its non-tri-state driver. File: C:/Users/Utilisateur/Desktop/MASTER/Stage/Manchester Decoder/Sources/manchester_decoder.vhd Line: 268
    Warning (13035): Inserted always-enabled tri-state buffer between "decod_data3[5]" and its non-tri-state driver. File: C:/Users/Utilisateur/Desktop/MASTER/Stage/Manchester Decoder/Sources/manchester_decoder.vhd Line: 268
    Warning (13035): Inserted always-enabled tri-state buffer between "decod_data3[6]" and its non-tri-state driver. File: C:/Users/Utilisateur/Desktop/MASTER/Stage/Manchester Decoder/Sources/manchester_decoder.vhd Line: 268
    Warning (13035): Inserted always-enabled tri-state buffer between "decod_data3[7]" and its non-tri-state driver. File: C:/Users/Utilisateur/Desktop/MASTER/Stage/Manchester Decoder/Sources/manchester_decoder.vhd Line: 268
    Warning (13035): Inserted always-enabled tri-state buffer between "decod_data4[0]" and its non-tri-state driver. File: C:/Users/Utilisateur/Desktop/MASTER/Stage/Manchester Decoder/Sources/manchester_decoder.vhd Line: 268
    Warning (13035): Inserted always-enabled tri-state buffer between "decod_data4[1]" and its non-tri-state driver. File: C:/Users/Utilisateur/Desktop/MASTER/Stage/Manchester Decoder/Sources/manchester_decoder.vhd Line: 268
    Warning (13035): Inserted always-enabled tri-state buffer between "decod_data4[2]" and its non-tri-state driver. File: C:/Users/Utilisateur/Desktop/MASTER/Stage/Manchester Decoder/Sources/manchester_decoder.vhd Line: 268
    Warning (13035): Inserted always-enabled tri-state buffer between "decod_data4[3]" and its non-tri-state driver. File: C:/Users/Utilisateur/Desktop/MASTER/Stage/Manchester Decoder/Sources/manchester_decoder.vhd Line: 268
    Warning (13035): Inserted always-enabled tri-state buffer between "decod_data4[4]" and its non-tri-state driver. File: C:/Users/Utilisateur/Desktop/MASTER/Stage/Manchester Decoder/Sources/manchester_decoder.vhd Line: 268
    Warning (13035): Inserted always-enabled tri-state buffer between "decod_data4[5]" and its non-tri-state driver. File: C:/Users/Utilisateur/Desktop/MASTER/Stage/Manchester Decoder/Sources/manchester_decoder.vhd Line: 268
    Warning (13035): Inserted always-enabled tri-state buffer between "decod_data4[6]" and its non-tri-state driver. File: C:/Users/Utilisateur/Desktop/MASTER/Stage/Manchester Decoder/Sources/manchester_decoder.vhd Line: 268
    Warning (13035): Inserted always-enabled tri-state buffer between "decod_data4[7]" and its non-tri-state driver. File: C:/Users/Utilisateur/Desktop/MASTER/Stage/Manchester Decoder/Sources/manchester_decoder.vhd Line: 268
    Warning (13035): Inserted always-enabled tri-state buffer between "decod_data5[0]" and its non-tri-state driver. File: C:/Users/Utilisateur/Desktop/MASTER/Stage/Manchester Decoder/Sources/manchester_decoder.vhd Line: 268
    Warning (13035): Inserted always-enabled tri-state buffer between "decod_data5[1]" and its non-tri-state driver. File: C:/Users/Utilisateur/Desktop/MASTER/Stage/Manchester Decoder/Sources/manchester_decoder.vhd Line: 268
    Warning (13035): Inserted always-enabled tri-state buffer between "decod_data5[2]" and its non-tri-state driver. File: C:/Users/Utilisateur/Desktop/MASTER/Stage/Manchester Decoder/Sources/manchester_decoder.vhd Line: 268
    Warning (13035): Inserted always-enabled tri-state buffer between "decod_data5[3]" and its non-tri-state driver. File: C:/Users/Utilisateur/Desktop/MASTER/Stage/Manchester Decoder/Sources/manchester_decoder.vhd Line: 268
    Warning (13035): Inserted always-enabled tri-state buffer between "decod_data5[4]" and its non-tri-state driver. File: C:/Users/Utilisateur/Desktop/MASTER/Stage/Manchester Decoder/Sources/manchester_decoder.vhd Line: 268
    Warning (13035): Inserted always-enabled tri-state buffer between "decod_data5[5]" and its non-tri-state driver. File: C:/Users/Utilisateur/Desktop/MASTER/Stage/Manchester Decoder/Sources/manchester_decoder.vhd Line: 268
    Warning (13035): Inserted always-enabled tri-state buffer between "decod_data5[6]" and its non-tri-state driver. File: C:/Users/Utilisateur/Desktop/MASTER/Stage/Manchester Decoder/Sources/manchester_decoder.vhd Line: 268
    Warning (13035): Inserted always-enabled tri-state buffer between "decod_data5[7]" and its non-tri-state driver. File: C:/Users/Utilisateur/Desktop/MASTER/Stage/Manchester Decoder/Sources/manchester_decoder.vhd Line: 268
    Warning (13035): Inserted always-enabled tri-state buffer between "decod_data6[0]" and its non-tri-state driver. File: C:/Users/Utilisateur/Desktop/MASTER/Stage/Manchester Decoder/Sources/manchester_decoder.vhd Line: 268
    Warning (13035): Inserted always-enabled tri-state buffer between "decod_data6[1]" and its non-tri-state driver. File: C:/Users/Utilisateur/Desktop/MASTER/Stage/Manchester Decoder/Sources/manchester_decoder.vhd Line: 268
    Warning (13035): Inserted always-enabled tri-state buffer between "decod_data6[2]" and its non-tri-state driver. File: C:/Users/Utilisateur/Desktop/MASTER/Stage/Manchester Decoder/Sources/manchester_decoder.vhd Line: 268
    Warning (13035): Inserted always-enabled tri-state buffer between "decod_data6[3]" and its non-tri-state driver. File: C:/Users/Utilisateur/Desktop/MASTER/Stage/Manchester Decoder/Sources/manchester_decoder.vhd Line: 268
    Warning (13035): Inserted always-enabled tri-state buffer between "decod_data6[4]" and its non-tri-state driver. File: C:/Users/Utilisateur/Desktop/MASTER/Stage/Manchester Decoder/Sources/manchester_decoder.vhd Line: 268
    Warning (13035): Inserted always-enabled tri-state buffer between "decod_data6[5]" and its non-tri-state driver. File: C:/Users/Utilisateur/Desktop/MASTER/Stage/Manchester Decoder/Sources/manchester_decoder.vhd Line: 268
    Warning (13035): Inserted always-enabled tri-state buffer between "decod_data6[6]" and its non-tri-state driver. File: C:/Users/Utilisateur/Desktop/MASTER/Stage/Manchester Decoder/Sources/manchester_decoder.vhd Line: 268
    Warning (13035): Inserted always-enabled tri-state buffer between "decod_data6[7]" and its non-tri-state driver. File: C:/Users/Utilisateur/Desktop/MASTER/Stage/Manchester Decoder/Sources/manchester_decoder.vhd Line: 268
Info (13060): One or more bidirectional pins are fed by always enabled tri-state buffers
    Info (13061): Fan-out of permanently enabled tri-state buffer feeding bidirectional pin "decod_comm[0]" is moved to its source File: C:/Users/Utilisateur/Desktop/MASTER/Stage/Manchester Decoder/Sources/manchester_decoder.vhd Line: 268
    Info (13061): Fan-out of permanently enabled tri-state buffer feeding bidirectional pin "decod_comm[1]" is moved to its source File: C:/Users/Utilisateur/Desktop/MASTER/Stage/Manchester Decoder/Sources/manchester_decoder.vhd Line: 268
    Info (13061): Fan-out of permanently enabled tri-state buffer feeding bidirectional pin "decod_comm[2]" is moved to its source File: C:/Users/Utilisateur/Desktop/MASTER/Stage/Manchester Decoder/Sources/manchester_decoder.vhd Line: 268
    Info (13061): Fan-out of permanently enabled tri-state buffer feeding bidirectional pin "decod_comm[3]" is moved to its source File: C:/Users/Utilisateur/Desktop/MASTER/Stage/Manchester Decoder/Sources/manchester_decoder.vhd Line: 268
    Info (13061): Fan-out of permanently enabled tri-state buffer feeding bidirectional pin "decod_address[0]" is moved to its source File: C:/Users/Utilisateur/Desktop/MASTER/Stage/Manchester Decoder/Sources/manchester_decoder.vhd Line: 268
    Info (13061): Fan-out of permanently enabled tri-state buffer feeding bidirectional pin "decod_address[1]" is moved to its source File: C:/Users/Utilisateur/Desktop/MASTER/Stage/Manchester Decoder/Sources/manchester_decoder.vhd Line: 268
    Info (13061): Fan-out of permanently enabled tri-state buffer feeding bidirectional pin "decod_address[2]" is moved to its source File: C:/Users/Utilisateur/Desktop/MASTER/Stage/Manchester Decoder/Sources/manchester_decoder.vhd Line: 268
    Info (13061): Fan-out of permanently enabled tri-state buffer feeding bidirectional pin "decod_address[3]" is moved to its source File: C:/Users/Utilisateur/Desktop/MASTER/Stage/Manchester Decoder/Sources/manchester_decoder.vhd Line: 268
    Info (13061): Fan-out of permanently enabled tri-state buffer feeding bidirectional pin "decod_address[4]" is moved to its source File: C:/Users/Utilisateur/Desktop/MASTER/Stage/Manchester Decoder/Sources/manchester_decoder.vhd Line: 268
    Info (13061): Fan-out of permanently enabled tri-state buffer feeding bidirectional pin "decod_address[5]" is moved to its source File: C:/Users/Utilisateur/Desktop/MASTER/Stage/Manchester Decoder/Sources/manchester_decoder.vhd Line: 268
    Info (13061): Fan-out of permanently enabled tri-state buffer feeding bidirectional pin "decod_address[6]" is moved to its source File: C:/Users/Utilisateur/Desktop/MASTER/Stage/Manchester Decoder/Sources/manchester_decoder.vhd Line: 268
    Info (13061): Fan-out of permanently enabled tri-state buffer feeding bidirectional pin "decod_address[7]" is moved to its source File: C:/Users/Utilisateur/Desktop/MASTER/Stage/Manchester Decoder/Sources/manchester_decoder.vhd Line: 268
    Info (13061): Fan-out of permanently enabled tri-state buffer feeding bidirectional pin "decod_address[8]" is moved to its source File: C:/Users/Utilisateur/Desktop/MASTER/Stage/Manchester Decoder/Sources/manchester_decoder.vhd Line: 268
    Info (13061): Fan-out of permanently enabled tri-state buffer feeding bidirectional pin "decod_address[9]" is moved to its source File: C:/Users/Utilisateur/Desktop/MASTER/Stage/Manchester Decoder/Sources/manchester_decoder.vhd Line: 268
    Info (13061): Fan-out of permanently enabled tri-state buffer feeding bidirectional pin "decod_address[10]" is moved to its source File: C:/Users/Utilisateur/Desktop/MASTER/Stage/Manchester Decoder/Sources/manchester_decoder.vhd Line: 268
    Info (13061): Fan-out of permanently enabled tri-state buffer feeding bidirectional pin "decod_address[11]" is moved to its source File: C:/Users/Utilisateur/Desktop/MASTER/Stage/Manchester Decoder/Sources/manchester_decoder.vhd Line: 268
    Info (13061): Fan-out of permanently enabled tri-state buffer feeding bidirectional pin "decod_address[12]" is moved to its source File: C:/Users/Utilisateur/Desktop/MASTER/Stage/Manchester Decoder/Sources/manchester_decoder.vhd Line: 268
    Info (13061): Fan-out of permanently enabled tri-state buffer feeding bidirectional pin "decod_address[13]" is moved to its source File: C:/Users/Utilisateur/Desktop/MASTER/Stage/Manchester Decoder/Sources/manchester_decoder.vhd Line: 268
    Info (13061): Fan-out of permanently enabled tri-state buffer feeding bidirectional pin "decod_address[14]" is moved to its source File: C:/Users/Utilisateur/Desktop/MASTER/Stage/Manchester Decoder/Sources/manchester_decoder.vhd Line: 268
    Info (13061): Fan-out of permanently enabled tri-state buffer feeding bidirectional pin "decod_address[15]" is moved to its source File: C:/Users/Utilisateur/Desktop/MASTER/Stage/Manchester Decoder/Sources/manchester_decoder.vhd Line: 268
    Info (13061): Fan-out of permanently enabled tri-state buffer feeding bidirectional pin "decod_address[16]" is moved to its source File: C:/Users/Utilisateur/Desktop/MASTER/Stage/Manchester Decoder/Sources/manchester_decoder.vhd Line: 268
    Info (13061): Fan-out of permanently enabled tri-state buffer feeding bidirectional pin "decod_address[17]" is moved to its source File: C:/Users/Utilisateur/Desktop/MASTER/Stage/Manchester Decoder/Sources/manchester_decoder.vhd Line: 268
    Info (13061): Fan-out of permanently enabled tri-state buffer feeding bidirectional pin "decod_address[18]" is moved to its source File: C:/Users/Utilisateur/Desktop/MASTER/Stage/Manchester Decoder/Sources/manchester_decoder.vhd Line: 268
    Info (13061): Fan-out of permanently enabled tri-state buffer feeding bidirectional pin "decod_address[19]" is moved to its source File: C:/Users/Utilisateur/Desktop/MASTER/Stage/Manchester Decoder/Sources/manchester_decoder.vhd Line: 268
    Info (13061): Fan-out of permanently enabled tri-state buffer feeding bidirectional pin "decod_length[0]" is moved to its source File: C:/Users/Utilisateur/Desktop/MASTER/Stage/Manchester Decoder/Sources/manchester_decoder.vhd Line: 268
    Info (13061): Fan-out of permanently enabled tri-state buffer feeding bidirectional pin "decod_length[1]" is moved to its source File: C:/Users/Utilisateur/Desktop/MASTER/Stage/Manchester Decoder/Sources/manchester_decoder.vhd Line: 268
    Info (13061): Fan-out of permanently enabled tri-state buffer feeding bidirectional pin "decod_length[2]" is moved to its source File: C:/Users/Utilisateur/Desktop/MASTER/Stage/Manchester Decoder/Sources/manchester_decoder.vhd Line: 268
    Info (13061): Fan-out of permanently enabled tri-state buffer feeding bidirectional pin "decod_length[3]" is moved to its source File: C:/Users/Utilisateur/Desktop/MASTER/Stage/Manchester Decoder/Sources/manchester_decoder.vhd Line: 268
    Info (13061): Fan-out of permanently enabled tri-state buffer feeding bidirectional pin "decod_length[4]" is moved to its source File: C:/Users/Utilisateur/Desktop/MASTER/Stage/Manchester Decoder/Sources/manchester_decoder.vhd Line: 268
    Info (13061): Fan-out of permanently enabled tri-state buffer feeding bidirectional pin "decod_length[5]" is moved to its source File: C:/Users/Utilisateur/Desktop/MASTER/Stage/Manchester Decoder/Sources/manchester_decoder.vhd Line: 268
    Info (13061): Fan-out of permanently enabled tri-state buffer feeding bidirectional pin "decod_length[6]" is moved to its source File: C:/Users/Utilisateur/Desktop/MASTER/Stage/Manchester Decoder/Sources/manchester_decoder.vhd Line: 268
    Info (13061): Fan-out of permanently enabled tri-state buffer feeding bidirectional pin "decod_length[7]" is moved to its source File: C:/Users/Utilisateur/Desktop/MASTER/Stage/Manchester Decoder/Sources/manchester_decoder.vhd Line: 268
    Info (13061): Fan-out of permanently enabled tri-state buffer feeding bidirectional pin "decod_data0[0]" is moved to its source File: C:/Users/Utilisateur/Desktop/MASTER/Stage/Manchester Decoder/Sources/manchester_decoder.vhd Line: 268
    Info (13061): Fan-out of permanently enabled tri-state buffer feeding bidirectional pin "decod_data0[1]" is moved to its source File: C:/Users/Utilisateur/Desktop/MASTER/Stage/Manchester Decoder/Sources/manchester_decoder.vhd Line: 268
    Info (13061): Fan-out of permanently enabled tri-state buffer feeding bidirectional pin "decod_data0[2]" is moved to its source File: C:/Users/Utilisateur/Desktop/MASTER/Stage/Manchester Decoder/Sources/manchester_decoder.vhd Line: 268
    Info (13061): Fan-out of permanently enabled tri-state buffer feeding bidirectional pin "decod_data0[3]" is moved to its source File: C:/Users/Utilisateur/Desktop/MASTER/Stage/Manchester Decoder/Sources/manchester_decoder.vhd Line: 268
    Info (13061): Fan-out of permanently enabled tri-state buffer feeding bidirectional pin "decod_data0[4]" is moved to its source File: C:/Users/Utilisateur/Desktop/MASTER/Stage/Manchester Decoder/Sources/manchester_decoder.vhd Line: 268
    Info (13061): Fan-out of permanently enabled tri-state buffer feeding bidirectional pin "decod_data0[5]" is moved to its source File: C:/Users/Utilisateur/Desktop/MASTER/Stage/Manchester Decoder/Sources/manchester_decoder.vhd Line: 268
    Info (13061): Fan-out of permanently enabled tri-state buffer feeding bidirectional pin "decod_data0[6]" is moved to its source File: C:/Users/Utilisateur/Desktop/MASTER/Stage/Manchester Decoder/Sources/manchester_decoder.vhd Line: 268
    Info (13061): Fan-out of permanently enabled tri-state buffer feeding bidirectional pin "decod_data0[7]" is moved to its source File: C:/Users/Utilisateur/Desktop/MASTER/Stage/Manchester Decoder/Sources/manchester_decoder.vhd Line: 268
    Info (13061): Fan-out of permanently enabled tri-state buffer feeding bidirectional pin "decod_data1[0]" is moved to its source File: C:/Users/Utilisateur/Desktop/MASTER/Stage/Manchester Decoder/Sources/manchester_decoder.vhd Line: 268
    Info (13061): Fan-out of permanently enabled tri-state buffer feeding bidirectional pin "decod_data1[1]" is moved to its source File: C:/Users/Utilisateur/Desktop/MASTER/Stage/Manchester Decoder/Sources/manchester_decoder.vhd Line: 268
    Info (13061): Fan-out of permanently enabled tri-state buffer feeding bidirectional pin "decod_data1[2]" is moved to its source File: C:/Users/Utilisateur/Desktop/MASTER/Stage/Manchester Decoder/Sources/manchester_decoder.vhd Line: 268
    Info (13061): Fan-out of permanently enabled tri-state buffer feeding bidirectional pin "decod_data1[3]" is moved to its source File: C:/Users/Utilisateur/Desktop/MASTER/Stage/Manchester Decoder/Sources/manchester_decoder.vhd Line: 268
    Info (13061): Fan-out of permanently enabled tri-state buffer feeding bidirectional pin "decod_data1[4]" is moved to its source File: C:/Users/Utilisateur/Desktop/MASTER/Stage/Manchester Decoder/Sources/manchester_decoder.vhd Line: 268
    Info (13061): Fan-out of permanently enabled tri-state buffer feeding bidirectional pin "decod_data1[5]" is moved to its source File: C:/Users/Utilisateur/Desktop/MASTER/Stage/Manchester Decoder/Sources/manchester_decoder.vhd Line: 268
    Info (13061): Fan-out of permanently enabled tri-state buffer feeding bidirectional pin "decod_data1[6]" is moved to its source File: C:/Users/Utilisateur/Desktop/MASTER/Stage/Manchester Decoder/Sources/manchester_decoder.vhd Line: 268
    Info (13061): Fan-out of permanently enabled tri-state buffer feeding bidirectional pin "decod_data1[7]" is moved to its source File: C:/Users/Utilisateur/Desktop/MASTER/Stage/Manchester Decoder/Sources/manchester_decoder.vhd Line: 268
    Info (13061): Fan-out of permanently enabled tri-state buffer feeding bidirectional pin "decod_data2[0]" is moved to its source File: C:/Users/Utilisateur/Desktop/MASTER/Stage/Manchester Decoder/Sources/manchester_decoder.vhd Line: 268
    Info (13061): Fan-out of permanently enabled tri-state buffer feeding bidirectional pin "decod_data2[1]" is moved to its source File: C:/Users/Utilisateur/Desktop/MASTER/Stage/Manchester Decoder/Sources/manchester_decoder.vhd Line: 268
    Info (13061): Fan-out of permanently enabled tri-state buffer feeding bidirectional pin "decod_data2[2]" is moved to its source File: C:/Users/Utilisateur/Desktop/MASTER/Stage/Manchester Decoder/Sources/manchester_decoder.vhd Line: 268
    Info (13061): Fan-out of permanently enabled tri-state buffer feeding bidirectional pin "decod_data2[3]" is moved to its source File: C:/Users/Utilisateur/Desktop/MASTER/Stage/Manchester Decoder/Sources/manchester_decoder.vhd Line: 268
    Info (13061): Fan-out of permanently enabled tri-state buffer feeding bidirectional pin "decod_data2[4]" is moved to its source File: C:/Users/Utilisateur/Desktop/MASTER/Stage/Manchester Decoder/Sources/manchester_decoder.vhd Line: 268
    Info (13061): Fan-out of permanently enabled tri-state buffer feeding bidirectional pin "decod_data2[5]" is moved to its source File: C:/Users/Utilisateur/Desktop/MASTER/Stage/Manchester Decoder/Sources/manchester_decoder.vhd Line: 268
    Info (13061): Fan-out of permanently enabled tri-state buffer feeding bidirectional pin "decod_data2[6]" is moved to its source File: C:/Users/Utilisateur/Desktop/MASTER/Stage/Manchester Decoder/Sources/manchester_decoder.vhd Line: 268
    Info (13061): Fan-out of permanently enabled tri-state buffer feeding bidirectional pin "decod_data2[7]" is moved to its source File: C:/Users/Utilisateur/Desktop/MASTER/Stage/Manchester Decoder/Sources/manchester_decoder.vhd Line: 268
    Info (13061): Fan-out of permanently enabled tri-state buffer feeding bidirectional pin "decod_data3[0]" is moved to its source File: C:/Users/Utilisateur/Desktop/MASTER/Stage/Manchester Decoder/Sources/manchester_decoder.vhd Line: 268
    Info (13061): Fan-out of permanently enabled tri-state buffer feeding bidirectional pin "decod_data3[1]" is moved to its source File: C:/Users/Utilisateur/Desktop/MASTER/Stage/Manchester Decoder/Sources/manchester_decoder.vhd Line: 268
    Info (13061): Fan-out of permanently enabled tri-state buffer feeding bidirectional pin "decod_data3[2]" is moved to its source File: C:/Users/Utilisateur/Desktop/MASTER/Stage/Manchester Decoder/Sources/manchester_decoder.vhd Line: 268
    Info (13061): Fan-out of permanently enabled tri-state buffer feeding bidirectional pin "decod_data3[3]" is moved to its source File: C:/Users/Utilisateur/Desktop/MASTER/Stage/Manchester Decoder/Sources/manchester_decoder.vhd Line: 268
    Info (13061): Fan-out of permanently enabled tri-state buffer feeding bidirectional pin "decod_data3[4]" is moved to its source File: C:/Users/Utilisateur/Desktop/MASTER/Stage/Manchester Decoder/Sources/manchester_decoder.vhd Line: 268
    Info (13061): Fan-out of permanently enabled tri-state buffer feeding bidirectional pin "decod_data3[5]" is moved to its source File: C:/Users/Utilisateur/Desktop/MASTER/Stage/Manchester Decoder/Sources/manchester_decoder.vhd Line: 268
    Info (13061): Fan-out of permanently enabled tri-state buffer feeding bidirectional pin "decod_data3[6]" is moved to its source File: C:/Users/Utilisateur/Desktop/MASTER/Stage/Manchester Decoder/Sources/manchester_decoder.vhd Line: 268
    Info (13061): Fan-out of permanently enabled tri-state buffer feeding bidirectional pin "decod_data3[7]" is moved to its source File: C:/Users/Utilisateur/Desktop/MASTER/Stage/Manchester Decoder/Sources/manchester_decoder.vhd Line: 268
    Info (13061): Fan-out of permanently enabled tri-state buffer feeding bidirectional pin "decod_data4[0]" is moved to its source File: C:/Users/Utilisateur/Desktop/MASTER/Stage/Manchester Decoder/Sources/manchester_decoder.vhd Line: 268
    Info (13061): Fan-out of permanently enabled tri-state buffer feeding bidirectional pin "decod_data4[1]" is moved to its source File: C:/Users/Utilisateur/Desktop/MASTER/Stage/Manchester Decoder/Sources/manchester_decoder.vhd Line: 268
    Info (13061): Fan-out of permanently enabled tri-state buffer feeding bidirectional pin "decod_data4[2]" is moved to its source File: C:/Users/Utilisateur/Desktop/MASTER/Stage/Manchester Decoder/Sources/manchester_decoder.vhd Line: 268
    Info (13061): Fan-out of permanently enabled tri-state buffer feeding bidirectional pin "decod_data4[3]" is moved to its source File: C:/Users/Utilisateur/Desktop/MASTER/Stage/Manchester Decoder/Sources/manchester_decoder.vhd Line: 268
    Info (13061): Fan-out of permanently enabled tri-state buffer feeding bidirectional pin "decod_data4[4]" is moved to its source File: C:/Users/Utilisateur/Desktop/MASTER/Stage/Manchester Decoder/Sources/manchester_decoder.vhd Line: 268
    Info (13061): Fan-out of permanently enabled tri-state buffer feeding bidirectional pin "decod_data4[5]" is moved to its source File: C:/Users/Utilisateur/Desktop/MASTER/Stage/Manchester Decoder/Sources/manchester_decoder.vhd Line: 268
    Info (13061): Fan-out of permanently enabled tri-state buffer feeding bidirectional pin "decod_data4[6]" is moved to its source File: C:/Users/Utilisateur/Desktop/MASTER/Stage/Manchester Decoder/Sources/manchester_decoder.vhd Line: 268
    Info (13061): Fan-out of permanently enabled tri-state buffer feeding bidirectional pin "decod_data4[7]" is moved to its source File: C:/Users/Utilisateur/Desktop/MASTER/Stage/Manchester Decoder/Sources/manchester_decoder.vhd Line: 268
    Info (13061): Fan-out of permanently enabled tri-state buffer feeding bidirectional pin "decod_data5[0]" is moved to its source File: C:/Users/Utilisateur/Desktop/MASTER/Stage/Manchester Decoder/Sources/manchester_decoder.vhd Line: 268
    Info (13061): Fan-out of permanently enabled tri-state buffer feeding bidirectional pin "decod_data5[1]" is moved to its source File: C:/Users/Utilisateur/Desktop/MASTER/Stage/Manchester Decoder/Sources/manchester_decoder.vhd Line: 268
    Info (13061): Fan-out of permanently enabled tri-state buffer feeding bidirectional pin "decod_data5[2]" is moved to its source File: C:/Users/Utilisateur/Desktop/MASTER/Stage/Manchester Decoder/Sources/manchester_decoder.vhd Line: 268
    Info (13061): Fan-out of permanently enabled tri-state buffer feeding bidirectional pin "decod_data5[3]" is moved to its source File: C:/Users/Utilisateur/Desktop/MASTER/Stage/Manchester Decoder/Sources/manchester_decoder.vhd Line: 268
    Info (13061): Fan-out of permanently enabled tri-state buffer feeding bidirectional pin "decod_data5[4]" is moved to its source File: C:/Users/Utilisateur/Desktop/MASTER/Stage/Manchester Decoder/Sources/manchester_decoder.vhd Line: 268
    Info (13061): Fan-out of permanently enabled tri-state buffer feeding bidirectional pin "decod_data5[5]" is moved to its source File: C:/Users/Utilisateur/Desktop/MASTER/Stage/Manchester Decoder/Sources/manchester_decoder.vhd Line: 268
    Info (13061): Fan-out of permanently enabled tri-state buffer feeding bidirectional pin "decod_data5[6]" is moved to its source File: C:/Users/Utilisateur/Desktop/MASTER/Stage/Manchester Decoder/Sources/manchester_decoder.vhd Line: 268
    Info (13061): Fan-out of permanently enabled tri-state buffer feeding bidirectional pin "decod_data5[7]" is moved to its source File: C:/Users/Utilisateur/Desktop/MASTER/Stage/Manchester Decoder/Sources/manchester_decoder.vhd Line: 268
    Info (13061): Fan-out of permanently enabled tri-state buffer feeding bidirectional pin "decod_data6[0]" is moved to its source File: C:/Users/Utilisateur/Desktop/MASTER/Stage/Manchester Decoder/Sources/manchester_decoder.vhd Line: 268
    Info (13061): Fan-out of permanently enabled tri-state buffer feeding bidirectional pin "decod_data6[1]" is moved to its source File: C:/Users/Utilisateur/Desktop/MASTER/Stage/Manchester Decoder/Sources/manchester_decoder.vhd Line: 268
    Info (13061): Fan-out of permanently enabled tri-state buffer feeding bidirectional pin "decod_data6[2]" is moved to its source File: C:/Users/Utilisateur/Desktop/MASTER/Stage/Manchester Decoder/Sources/manchester_decoder.vhd Line: 268
    Info (13061): Fan-out of permanently enabled tri-state buffer feeding bidirectional pin "decod_data6[3]" is moved to its source File: C:/Users/Utilisateur/Desktop/MASTER/Stage/Manchester Decoder/Sources/manchester_decoder.vhd Line: 268
    Info (13061): Fan-out of permanently enabled tri-state buffer feeding bidirectional pin "decod_data6[4]" is moved to its source File: C:/Users/Utilisateur/Desktop/MASTER/Stage/Manchester Decoder/Sources/manchester_decoder.vhd Line: 268
    Info (13061): Fan-out of permanently enabled tri-state buffer feeding bidirectional pin "decod_data6[5]" is moved to its source File: C:/Users/Utilisateur/Desktop/MASTER/Stage/Manchester Decoder/Sources/manchester_decoder.vhd Line: 268
    Info (13061): Fan-out of permanently enabled tri-state buffer feeding bidirectional pin "decod_data6[6]" is moved to its source File: C:/Users/Utilisateur/Desktop/MASTER/Stage/Manchester Decoder/Sources/manchester_decoder.vhd Line: 268
    Info (13061): Fan-out of permanently enabled tri-state buffer feeding bidirectional pin "decod_data6[7]" is moved to its source File: C:/Users/Utilisateur/Desktop/MASTER/Stage/Manchester Decoder/Sources/manchester_decoder.vhd Line: 268
Warning (13009): TRI or OPNDRN buffers permanently enabled
    Warning (13010): Node "decod_comm[0]~synth" File: C:/Users/Utilisateur/Desktop/MASTER/Stage/Manchester Decoder/Sources/manchester_decoder.vhd Line: 268
    Warning (13010): Node "decod_comm[1]~synth" File: C:/Users/Utilisateur/Desktop/MASTER/Stage/Manchester Decoder/Sources/manchester_decoder.vhd Line: 268
    Warning (13010): Node "decod_comm[2]~synth" File: C:/Users/Utilisateur/Desktop/MASTER/Stage/Manchester Decoder/Sources/manchester_decoder.vhd Line: 268
    Warning (13010): Node "decod_comm[3]~synth" File: C:/Users/Utilisateur/Desktop/MASTER/Stage/Manchester Decoder/Sources/manchester_decoder.vhd Line: 268
    Warning (13010): Node "decod_address[0]~synth" File: C:/Users/Utilisateur/Desktop/MASTER/Stage/Manchester Decoder/Sources/manchester_decoder.vhd Line: 268
    Warning (13010): Node "decod_address[1]~synth" File: C:/Users/Utilisateur/Desktop/MASTER/Stage/Manchester Decoder/Sources/manchester_decoder.vhd Line: 268
    Warning (13010): Node "decod_address[2]~synth" File: C:/Users/Utilisateur/Desktop/MASTER/Stage/Manchester Decoder/Sources/manchester_decoder.vhd Line: 268
    Warning (13010): Node "decod_address[3]~synth" File: C:/Users/Utilisateur/Desktop/MASTER/Stage/Manchester Decoder/Sources/manchester_decoder.vhd Line: 268
    Warning (13010): Node "decod_address[4]~synth" File: C:/Users/Utilisateur/Desktop/MASTER/Stage/Manchester Decoder/Sources/manchester_decoder.vhd Line: 268
    Warning (13010): Node "decod_address[5]~synth" File: C:/Users/Utilisateur/Desktop/MASTER/Stage/Manchester Decoder/Sources/manchester_decoder.vhd Line: 268
    Warning (13010): Node "decod_address[6]~synth" File: C:/Users/Utilisateur/Desktop/MASTER/Stage/Manchester Decoder/Sources/manchester_decoder.vhd Line: 268
    Warning (13010): Node "decod_address[7]~synth" File: C:/Users/Utilisateur/Desktop/MASTER/Stage/Manchester Decoder/Sources/manchester_decoder.vhd Line: 268
    Warning (13010): Node "decod_address[8]~synth" File: C:/Users/Utilisateur/Desktop/MASTER/Stage/Manchester Decoder/Sources/manchester_decoder.vhd Line: 268
    Warning (13010): Node "decod_address[9]~synth" File: C:/Users/Utilisateur/Desktop/MASTER/Stage/Manchester Decoder/Sources/manchester_decoder.vhd Line: 268
    Warning (13010): Node "decod_address[10]~synth" File: C:/Users/Utilisateur/Desktop/MASTER/Stage/Manchester Decoder/Sources/manchester_decoder.vhd Line: 268
    Warning (13010): Node "decod_address[11]~synth" File: C:/Users/Utilisateur/Desktop/MASTER/Stage/Manchester Decoder/Sources/manchester_decoder.vhd Line: 268
    Warning (13010): Node "decod_address[12]~synth" File: C:/Users/Utilisateur/Desktop/MASTER/Stage/Manchester Decoder/Sources/manchester_decoder.vhd Line: 268
    Warning (13010): Node "decod_address[13]~synth" File: C:/Users/Utilisateur/Desktop/MASTER/Stage/Manchester Decoder/Sources/manchester_decoder.vhd Line: 268
    Warning (13010): Node "decod_address[14]~synth" File: C:/Users/Utilisateur/Desktop/MASTER/Stage/Manchester Decoder/Sources/manchester_decoder.vhd Line: 268
    Warning (13010): Node "decod_address[15]~synth" File: C:/Users/Utilisateur/Desktop/MASTER/Stage/Manchester Decoder/Sources/manchester_decoder.vhd Line: 268
    Warning (13010): Node "decod_address[16]~synth" File: C:/Users/Utilisateur/Desktop/MASTER/Stage/Manchester Decoder/Sources/manchester_decoder.vhd Line: 268
    Warning (13010): Node "decod_address[17]~synth" File: C:/Users/Utilisateur/Desktop/MASTER/Stage/Manchester Decoder/Sources/manchester_decoder.vhd Line: 268
    Warning (13010): Node "decod_address[18]~synth" File: C:/Users/Utilisateur/Desktop/MASTER/Stage/Manchester Decoder/Sources/manchester_decoder.vhd Line: 268
    Warning (13010): Node "decod_address[19]~synth" File: C:/Users/Utilisateur/Desktop/MASTER/Stage/Manchester Decoder/Sources/manchester_decoder.vhd Line: 268
    Warning (13010): Node "decod_length[0]~synth" File: C:/Users/Utilisateur/Desktop/MASTER/Stage/Manchester Decoder/Sources/manchester_decoder.vhd Line: 268
    Warning (13010): Node "decod_length[1]~synth" File: C:/Users/Utilisateur/Desktop/MASTER/Stage/Manchester Decoder/Sources/manchester_decoder.vhd Line: 268
    Warning (13010): Node "decod_length[2]~synth" File: C:/Users/Utilisateur/Desktop/MASTER/Stage/Manchester Decoder/Sources/manchester_decoder.vhd Line: 268
    Warning (13010): Node "decod_length[3]~synth" File: C:/Users/Utilisateur/Desktop/MASTER/Stage/Manchester Decoder/Sources/manchester_decoder.vhd Line: 268
    Warning (13010): Node "decod_length[4]~synth" File: C:/Users/Utilisateur/Desktop/MASTER/Stage/Manchester Decoder/Sources/manchester_decoder.vhd Line: 268
    Warning (13010): Node "decod_length[5]~synth" File: C:/Users/Utilisateur/Desktop/MASTER/Stage/Manchester Decoder/Sources/manchester_decoder.vhd Line: 268
    Warning (13010): Node "decod_length[6]~synth" File: C:/Users/Utilisateur/Desktop/MASTER/Stage/Manchester Decoder/Sources/manchester_decoder.vhd Line: 268
    Warning (13010): Node "decod_length[7]~synth" File: C:/Users/Utilisateur/Desktop/MASTER/Stage/Manchester Decoder/Sources/manchester_decoder.vhd Line: 268
    Warning (13010): Node "decod_data0[0]~synth" File: C:/Users/Utilisateur/Desktop/MASTER/Stage/Manchester Decoder/Sources/manchester_decoder.vhd Line: 268
    Warning (13010): Node "decod_data0[1]~synth" File: C:/Users/Utilisateur/Desktop/MASTER/Stage/Manchester Decoder/Sources/manchester_decoder.vhd Line: 268
    Warning (13010): Node "decod_data0[2]~synth" File: C:/Users/Utilisateur/Desktop/MASTER/Stage/Manchester Decoder/Sources/manchester_decoder.vhd Line: 268
    Warning (13010): Node "decod_data0[3]~synth" File: C:/Users/Utilisateur/Desktop/MASTER/Stage/Manchester Decoder/Sources/manchester_decoder.vhd Line: 268
    Warning (13010): Node "decod_data0[4]~synth" File: C:/Users/Utilisateur/Desktop/MASTER/Stage/Manchester Decoder/Sources/manchester_decoder.vhd Line: 268
    Warning (13010): Node "decod_data0[5]~synth" File: C:/Users/Utilisateur/Desktop/MASTER/Stage/Manchester Decoder/Sources/manchester_decoder.vhd Line: 268
    Warning (13010): Node "decod_data0[6]~synth" File: C:/Users/Utilisateur/Desktop/MASTER/Stage/Manchester Decoder/Sources/manchester_decoder.vhd Line: 268
    Warning (13010): Node "decod_data0[7]~synth" File: C:/Users/Utilisateur/Desktop/MASTER/Stage/Manchester Decoder/Sources/manchester_decoder.vhd Line: 268
    Warning (13010): Node "decod_data1[0]~synth" File: C:/Users/Utilisateur/Desktop/MASTER/Stage/Manchester Decoder/Sources/manchester_decoder.vhd Line: 268
    Warning (13010): Node "decod_data1[1]~synth" File: C:/Users/Utilisateur/Desktop/MASTER/Stage/Manchester Decoder/Sources/manchester_decoder.vhd Line: 268
    Warning (13010): Node "decod_data1[2]~synth" File: C:/Users/Utilisateur/Desktop/MASTER/Stage/Manchester Decoder/Sources/manchester_decoder.vhd Line: 268
    Warning (13010): Node "decod_data1[3]~synth" File: C:/Users/Utilisateur/Desktop/MASTER/Stage/Manchester Decoder/Sources/manchester_decoder.vhd Line: 268
    Warning (13010): Node "decod_data1[4]~synth" File: C:/Users/Utilisateur/Desktop/MASTER/Stage/Manchester Decoder/Sources/manchester_decoder.vhd Line: 268
    Warning (13010): Node "decod_data1[5]~synth" File: C:/Users/Utilisateur/Desktop/MASTER/Stage/Manchester Decoder/Sources/manchester_decoder.vhd Line: 268
    Warning (13010): Node "decod_data1[6]~synth" File: C:/Users/Utilisateur/Desktop/MASTER/Stage/Manchester Decoder/Sources/manchester_decoder.vhd Line: 268
    Warning (13010): Node "decod_data1[7]~synth" File: C:/Users/Utilisateur/Desktop/MASTER/Stage/Manchester Decoder/Sources/manchester_decoder.vhd Line: 268
    Warning (13010): Node "decod_data2[0]~synth" File: C:/Users/Utilisateur/Desktop/MASTER/Stage/Manchester Decoder/Sources/manchester_decoder.vhd Line: 268
    Warning (13010): Node "decod_data2[1]~synth" File: C:/Users/Utilisateur/Desktop/MASTER/Stage/Manchester Decoder/Sources/manchester_decoder.vhd Line: 268
    Warning (13010): Node "decod_data2[2]~synth" File: C:/Users/Utilisateur/Desktop/MASTER/Stage/Manchester Decoder/Sources/manchester_decoder.vhd Line: 268
    Warning (13010): Node "decod_data2[3]~synth" File: C:/Users/Utilisateur/Desktop/MASTER/Stage/Manchester Decoder/Sources/manchester_decoder.vhd Line: 268
    Warning (13010): Node "decod_data2[4]~synth" File: C:/Users/Utilisateur/Desktop/MASTER/Stage/Manchester Decoder/Sources/manchester_decoder.vhd Line: 268
    Warning (13010): Node "decod_data2[5]~synth" File: C:/Users/Utilisateur/Desktop/MASTER/Stage/Manchester Decoder/Sources/manchester_decoder.vhd Line: 268
    Warning (13010): Node "decod_data2[6]~synth" File: C:/Users/Utilisateur/Desktop/MASTER/Stage/Manchester Decoder/Sources/manchester_decoder.vhd Line: 268
    Warning (13010): Node "decod_data2[7]~synth" File: C:/Users/Utilisateur/Desktop/MASTER/Stage/Manchester Decoder/Sources/manchester_decoder.vhd Line: 268
    Warning (13010): Node "decod_data3[0]~synth" File: C:/Users/Utilisateur/Desktop/MASTER/Stage/Manchester Decoder/Sources/manchester_decoder.vhd Line: 268
    Warning (13010): Node "decod_data3[1]~synth" File: C:/Users/Utilisateur/Desktop/MASTER/Stage/Manchester Decoder/Sources/manchester_decoder.vhd Line: 268
    Warning (13010): Node "decod_data3[2]~synth" File: C:/Users/Utilisateur/Desktop/MASTER/Stage/Manchester Decoder/Sources/manchester_decoder.vhd Line: 268
    Warning (13010): Node "decod_data3[3]~synth" File: C:/Users/Utilisateur/Desktop/MASTER/Stage/Manchester Decoder/Sources/manchester_decoder.vhd Line: 268
    Warning (13010): Node "decod_data3[4]~synth" File: C:/Users/Utilisateur/Desktop/MASTER/Stage/Manchester Decoder/Sources/manchester_decoder.vhd Line: 268
    Warning (13010): Node "decod_data3[5]~synth" File: C:/Users/Utilisateur/Desktop/MASTER/Stage/Manchester Decoder/Sources/manchester_decoder.vhd Line: 268
    Warning (13010): Node "decod_data3[6]~synth" File: C:/Users/Utilisateur/Desktop/MASTER/Stage/Manchester Decoder/Sources/manchester_decoder.vhd Line: 268
    Warning (13010): Node "decod_data3[7]~synth" File: C:/Users/Utilisateur/Desktop/MASTER/Stage/Manchester Decoder/Sources/manchester_decoder.vhd Line: 268
    Warning (13010): Node "decod_data4[0]~synth" File: C:/Users/Utilisateur/Desktop/MASTER/Stage/Manchester Decoder/Sources/manchester_decoder.vhd Line: 268
    Warning (13010): Node "decod_data4[1]~synth" File: C:/Users/Utilisateur/Desktop/MASTER/Stage/Manchester Decoder/Sources/manchester_decoder.vhd Line: 268
    Warning (13010): Node "decod_data4[2]~synth" File: C:/Users/Utilisateur/Desktop/MASTER/Stage/Manchester Decoder/Sources/manchester_decoder.vhd Line: 268
    Warning (13010): Node "decod_data4[3]~synth" File: C:/Users/Utilisateur/Desktop/MASTER/Stage/Manchester Decoder/Sources/manchester_decoder.vhd Line: 268
    Warning (13010): Node "decod_data4[4]~synth" File: C:/Users/Utilisateur/Desktop/MASTER/Stage/Manchester Decoder/Sources/manchester_decoder.vhd Line: 268
    Warning (13010): Node "decod_data4[5]~synth" File: C:/Users/Utilisateur/Desktop/MASTER/Stage/Manchester Decoder/Sources/manchester_decoder.vhd Line: 268
    Warning (13010): Node "decod_data4[6]~synth" File: C:/Users/Utilisateur/Desktop/MASTER/Stage/Manchester Decoder/Sources/manchester_decoder.vhd Line: 268
    Warning (13010): Node "decod_data4[7]~synth" File: C:/Users/Utilisateur/Desktop/MASTER/Stage/Manchester Decoder/Sources/manchester_decoder.vhd Line: 268
    Warning (13010): Node "decod_data5[0]~synth" File: C:/Users/Utilisateur/Desktop/MASTER/Stage/Manchester Decoder/Sources/manchester_decoder.vhd Line: 268
    Warning (13010): Node "decod_data5[1]~synth" File: C:/Users/Utilisateur/Desktop/MASTER/Stage/Manchester Decoder/Sources/manchester_decoder.vhd Line: 268
    Warning (13010): Node "decod_data5[2]~synth" File: C:/Users/Utilisateur/Desktop/MASTER/Stage/Manchester Decoder/Sources/manchester_decoder.vhd Line: 268
    Warning (13010): Node "decod_data5[3]~synth" File: C:/Users/Utilisateur/Desktop/MASTER/Stage/Manchester Decoder/Sources/manchester_decoder.vhd Line: 268
    Warning (13010): Node "decod_data5[4]~synth" File: C:/Users/Utilisateur/Desktop/MASTER/Stage/Manchester Decoder/Sources/manchester_decoder.vhd Line: 268
    Warning (13010): Node "decod_data5[5]~synth" File: C:/Users/Utilisateur/Desktop/MASTER/Stage/Manchester Decoder/Sources/manchester_decoder.vhd Line: 268
    Warning (13010): Node "decod_data5[6]~synth" File: C:/Users/Utilisateur/Desktop/MASTER/Stage/Manchester Decoder/Sources/manchester_decoder.vhd Line: 268
    Warning (13010): Node "decod_data5[7]~synth" File: C:/Users/Utilisateur/Desktop/MASTER/Stage/Manchester Decoder/Sources/manchester_decoder.vhd Line: 268
    Warning (13010): Node "decod_data6[0]~synth" File: C:/Users/Utilisateur/Desktop/MASTER/Stage/Manchester Decoder/Sources/manchester_decoder.vhd Line: 268
    Warning (13010): Node "decod_data6[1]~synth" File: C:/Users/Utilisateur/Desktop/MASTER/Stage/Manchester Decoder/Sources/manchester_decoder.vhd Line: 268
    Warning (13010): Node "decod_data6[2]~synth" File: C:/Users/Utilisateur/Desktop/MASTER/Stage/Manchester Decoder/Sources/manchester_decoder.vhd Line: 268
    Warning (13010): Node "decod_data6[3]~synth" File: C:/Users/Utilisateur/Desktop/MASTER/Stage/Manchester Decoder/Sources/manchester_decoder.vhd Line: 268
    Warning (13010): Node "decod_data6[4]~synth" File: C:/Users/Utilisateur/Desktop/MASTER/Stage/Manchester Decoder/Sources/manchester_decoder.vhd Line: 268
    Warning (13010): Node "decod_data6[5]~synth" File: C:/Users/Utilisateur/Desktop/MASTER/Stage/Manchester Decoder/Sources/manchester_decoder.vhd Line: 268
    Warning (13010): Node "decod_data6[6]~synth" File: C:/Users/Utilisateur/Desktop/MASTER/Stage/Manchester Decoder/Sources/manchester_decoder.vhd Line: 268
    Warning (13010): Node "decod_data6[7]~synth" File: C:/Users/Utilisateur/Desktop/MASTER/Stage/Manchester Decoder/Sources/manchester_decoder.vhd Line: 268
Info (286030): Timing-Driven Synthesis is running
Info (16010): Generating hard_block partition "hard_block:auto_generated_inst"
    Info (16011): Adding 0 node(s), including 0 DDIO, 0 PLL, 0 transceiver and 0 LCELL
Info (21057): Implemented 390 device resources after synthesis - the final resource count might be different
    Info (21058): Implemented 3 input pins
    Info (21059): Implemented 10 output pins
    Info (21060): Implemented 88 bidirectional pins
    Info (21061): Implemented 289 logic cells
Info: Quartus Prime Analysis & Synthesis was successful. 0 errors, 179 warnings
    Info: Peak virtual memory: 4820 megabytes
    Info: Processing ended: Wed Oct 06 12:03:12 2021
    Info: Elapsed time: 00:00:15
    Info: Total CPU time (on all processors): 00:00:32


