Fitter Place Stage Report for data_handler
Fri Oct 22 13:12:42 2021
Quartus Prime Version 20.2.0 Build 50 06/11/2020 SC Pro Edition


---------------------
; Table of Contents ;
---------------------
  1. Legal Notice
  2. Fitter Resource Usage Summary
  3. Fitter Resource Utilization by Entity
  4. Place Messages



----------------
; Legal Notice ;
----------------
Copyright (C) 2020  Intel Corporation. All rights reserved.
Your use of Intel Corporation's design tools, logic functions 
and other software and tools, and any partner logic 
functions, and any output files from any of the foregoing 
(including device programming or simulation files), and any 
associated documentation or information are expressly subject 
to the terms and conditions of the Intel Program License 
Subscription Agreement, the Intel Quartus Prime License Agreement,
the Intel FPGA IP License Agreement, or other applicable license
agreement, including, without limitation, that your use is for
the sole purpose of programming logic devices manufactured by
Intel and sold by Intel or its authorized distributors.  Please
refer to the applicable agreement for further details, at
https://fpgasoftware.intel.com/eula.



+--------------------------------------------------------------------------------------+
; Fitter Resource Usage Summary                                                        ;
+-------------------------------------------------------------+----------------+-------+
; Resource                                                    ; Usage          ; %     ;
+-------------------------------------------------------------+----------------+-------+
; Logic utilization (ALMs needed / total ALMs on device)      ; 137 / 427,200  ; < 1 % ;
; ALMs needed [=A-B+C]                                        ; 137            ;       ;
;     [A] ALMs used in final placement [=a+b+c+d]             ; 156 / 427,200  ; < 1 % ;
;         [a] ALMs used for LUT logic and registers           ; 43             ;       ;
;         [b] ALMs used for LUT logic                         ; 89             ;       ;
;         [c] ALMs used for registers                         ; 24             ;       ;
;         [d] ALMs used for memory (up to half of total ALMs) ; 0              ;       ;
;     [B] Estimate of ALMs recoverable by dense packing       ; 19 / 427,200   ; < 1 % ;
;     [C] Estimate of ALMs unavailable [=a+b+c+d]             ; 0 / 427,200    ; 0 %   ;
;         [a] Due to location constrained logic               ; 0              ;       ;
;         [b] Due to LAB-wide signal conflicts                ; 0              ;       ;
;         [c] Due to LAB input limits                         ; 0              ;       ;
;         [d] Due to virtual I/Os                             ; 0              ;       ;
;                                                             ;                ;       ;
; Difficulty packing design                                   ; Low            ;       ;
;                                                             ;                ;       ;
; Total LABs:  partially or completely used                   ; 32 / 42,720    ; < 1 % ;
;     -- Logic LABs                                           ; 32             ;       ;
;     -- Memory LABs (up to half of total LABs)               ; 0              ;       ;
;                                                             ;                ;       ;
; Combinational ALUT usage for logic                          ; 220            ;       ;
;     -- 7 input functions                                    ; 3              ;       ;
;     -- 6 input functions                                    ; 47             ;       ;
;     -- 5 input functions                                    ; 17             ;       ;
;     -- 4 input functions                                    ; 12             ;       ;
;     -- <=3 input functions                                  ; 141            ;       ;
; Combinational ALUT usage for route-throughs                 ; 34             ;       ;
;                                                             ;                ;       ;
; Dedicated logic registers                                   ; 138            ;       ;
;     -- By type:                                             ;                ;       ;
;         -- Primary logic registers                          ; 133 / 854,400  ; < 1 % ;
;         -- Secondary logic registers                        ; 5 / 854,400    ; < 1 % ;
;     -- By function:                                         ;                ;       ;
;         -- Design implementation registers                  ; 138            ;       ;
;         -- Routing optimization registers                   ; 0              ;       ;
;                                                             ;                ;       ;
; ALMs adjustment for power estimation                        ; 16             ;       ;
;                                                             ;                ;       ;
; Virtual pins                                                ; 0              ;       ;
; I/O pins                                                    ; 167 / 618      ; 27 %  ;
;     -- Clock pins                                           ; 5 / 31         ; 16 %  ;
;     -- Dedicated input pins                                 ; 0 / 59         ; 0 %   ;
;                                                             ;                ;       ;
; M20K blocks                                                 ; 0 / 2,713      ; 0 %   ;
; Total MLAB memory bits                                      ; 0              ;       ;
; Total block memory bits                                     ; 0 / 55,562,240 ; 0 %   ;
; Total block memory implementation bits                      ; 0 / 55,562,240 ; 0 %   ;
;                                                             ;                ;       ;
; DSP Blocks Needed [=A+B-C]                                  ; 0 / 1,518      ; 0 %   ;
;     [A] Total Fixed Point DSP Blocks                        ; 0              ;       ;
;     [B] Total Floating Point DSP Blocks                     ; 0              ;       ;
;     [C] Estimate of DSP Blocks recoverable by dense merging ; 0              ;       ;
;                                                             ;                ;       ;
; IOPLLs                                                      ; 0 / 11         ; 0 %   ;
; FPLLs                                                       ; 0 / 32         ; 0 %   ;
; Global signals                                              ; 1              ;       ;
;     -- Global clocks                                        ; 1 / 32         ; 3 %   ;
;     -- Regional clocks                                      ; 0 / 16         ; 0 %   ;
;     -- Periphery clocks                                     ; 0 / 384        ; 0 %   ;
; JTAGs                                                       ; 0 / 1          ; 0 %   ;
; ASMI blocks                                                 ; 0 / 1          ; 0 %   ;
; CRC blocks                                                  ; 0 / 1          ; 0 %   ;
; Remote update blocks                                        ; 0 / 1          ; 0 %   ;
; Oscillator blocks                                           ; 0 / 1          ; 0 %   ;
; PCIe Hard IPs                                               ; 0 / 4          ; 0 %   ;
; HSSI RX PCSs                                                ; 0 / 24         ; 0 %   ;
; HSSI PMA RX DESERs                                          ; 0 / 24         ; 0 %   ;
; HSSI TX PCSs                                                ; 0 / 24         ; 0 %   ;
; HSSI PMA TX SERs                                            ; 0 / 24         ; 0 %   ;
; HSSI CDR PLL                                                ; 0 / 24         ; 0 %   ;
;     -- CDR PLLs for Unused RX Clock Workaround              ; 0 / 24         ; 0 %   ;
; HSSI ATX PLL                                                ; 0 / 8          ; 0 %   ;
; Impedance control blocks                                    ; 0 / 16         ; 0 %   ;
; Maximum fan-out                                             ; 138            ;       ;
; Highest non-global fan-out                                  ; 32             ;       ;
; Total fan-out                                               ; 1492           ;       ;
; Average fan-out                                             ; 1.73           ;       ;
+-------------------------------------------------------------+----------------+-------+


+--------------------------------------------------------------------------------------------------------------------------------------------------------------------------------------------------------------------------------------------------------------------------------------------------------------------------------------------------------------------------------------------------+
; Fitter Resource Utilization by Entity                                                                                                                                                                                                                                                                                                                                                            ;
+----------------------------+----------------------+----------------------------------+---------------------------------------------------+----------------------------------+----------------------+---------------------+---------------------------+---------------+-------------------+-------+------------+------+--------------+--------+---------------------+--------------+--------------+
; Compilation Hierarchy Node ; ALMs needed [=A-B+C] ; [A] ALMs used in final placement ; [B] Estimate of ALMs recoverable by dense packing ; [C] Estimate of ALMs unavailable ; ALMs used for memory ; Combinational ALUTs ; Dedicated Logic Registers ; I/O Registers ; Block Memory Bits ; M20Ks ; DSP Blocks ; Pins ; Virtual Pins ; IOPLLs ; Full Hierarchy Name ; Entity Name  ; Library Name ;
+----------------------------+----------------------+----------------------------------+---------------------------------------------------+----------------------------------+----------------------+---------------------+---------------------------+---------------+-------------------+-------+------------+------+--------------+--------+---------------------+--------------+--------------+
; |                          ; 136.5 (136.5)        ; 155.0 (155.0)                    ; 18.5 (18.5)                                       ; 0.0 (0.0)                        ; 0.0 (0.0)            ; 220 (220)           ; 138 (138)                 ; 0 (0)         ; 0                 ; 0     ; 0          ; 167  ; 0            ; 0 (0)  ; |                   ; data_handler ; altera_work  ;
+----------------------------+----------------------+----------------------------------+---------------------------------------------------+----------------------------------+----------------------+---------------------+---------------------------+---------------+-------------------+-------+------------+------+--------------+--------+---------------------+--------------+--------------+
Note: For table entries with two numbers listed, the numbers in parentheses indicate the number of resources of the given type used by the specific entity alone. The numbers listed outside of parentheses indicate the total resources of the given type used by the specific entity and all of its sub-entities in the hierarchy.


+----------------+
; Place Messages ;
+----------------+
Info (20030): Parallel compilation is enabled and will use 4 of the 4 processors detected
Info: *******************************************************************
Info: Running Quartus Prime Fitter
    Info: Version 20.2.0 Build 50 06/11/2020 SC Pro Edition
    Info: Processing started: Fri Oct 22 13:10:18 2021
    Info: System process ID: 7860
Info: Command: quartus_fit --read_settings_files=on --write_settings_files=off Data_Handler -c data_handler
Info: qfit2_default_script.tcl version: #1
Info: Project  = Data_Handler
Info: Revision = data_handler
Info (11165): Fitter preparation operations ending: elapsed time is 00:01:14
Info (170189): Fitter placement preparation operations beginning
Info (14951): The Fitter is using Advanced Physical Optimization.
Info (170190): Fitter placement preparation operations ending: elapsed time is 00:00:08
Info (170191): Fitter placement operations beginning
Info (170137): Fitter placement was successful
Info (170192): Fitter placement operations ending: elapsed time is 00:00:24
Info (11888): Total time spent on timing analysis during Placement is 2.01 seconds.


